This is pdfeTeX, Version 3.141592-1.21a-2.2 (Web2C 7.5.4) (format=latex 2012.10.30)  27 AUG 2013 21:05
entering extended mode
**LLVisu.tex
(./LLVisu.tex
LaTeX2e <2003/12/01>
Babel <v3.8d> and hyphenation patterns for american, french, german, ngerman, b
ahasa, basque, bulgarian, catalan, croatian, czech, danish, dutch, esperanto, e
stonian, finnish, greek, icelandic, irish, italian, latin, magyar, norsk, polis
h, portuges, romanian, russian, serbian, slovak, slovene, spanish, swedish, tur
kish, ukrainian, nohyphenation, loaded.
(/usr/share/texmf/tex/latex/base/article.cls
Document Class: article 2004/02/16 v1.4f Standard LaTeX document class
(/usr/share/texmf/tex/latex/base/size10.clo
File: size10.clo 2004/02/16 v1.4f Standard LaTeX file (size option)
)
\c@part=\count79
\c@section=\count80
\c@subsection=\count81
\c@subsubsection=\count82
\c@paragraph=\count83
\c@subparagraph=\count84
\c@figure=\count85
\c@table=\count86
\abovecaptionskip=\skip41
\belowcaptionskip=\skip42
\bibindent=\dimen102
)
(/usr/share/texmf/tex/latex/geometry/geometry.sty
Package: geometry 2002/07/08 v3.2 Page Geometry

(/usr/share/texmf/tex/latex/graphics/keyval.sty
Package: keyval 1999/03/16 v1.13 key=value parser (DPC)
\KV@toks@=\toks14
)
\Gm@cnth=\count87
\Gm@cntv=\count88
\c@Gm@tempcnt=\count89
\Gm@bindingoffset=\dimen103
\Gm@wd@mp=\dimen104
\Gm@odd@mp=\dimen105
\Gm@even@mp=\dimen106
\Gm@dimlist=\toks15

(/usr/share/texmf/tex/latex/geometry/geometry.cfg))
(/usr/share/texmf/tex/latex/wrapfig/wrapfig.sty
\wrapoverhang=\dimen107
\WF@size=\dimen108
\c@WF@wrappedlines=\count90
\WF@box=\box26
\WF@everypar=\toks16
Package: wrapfig 2003/01/31  v 3.6
)
(/usr/share/texmf/tex/latex/threeparttable/threeparttable.sty
Package: threeparttable 2003/06/13  v 3.0
\@tempboxb=\box27
)
(/usr/share/texmf/tex/latex/tools/dcolumn.sty
Package: dcolumn 2001/05/28 v1.06 decimal alignment package (DPC)

(/usr/share/texmf/tex/latex/tools/array.sty
Package: array 2003/12/17 v2.4a Tabular extension package (FMi)
\col@sep=\dimen109
\extrarowheight=\dimen110
\NC@list=\toks17
\extratabsurround=\skip43
\backup@length=\skip44
))
(/usr/share/texmf/tex/latex/nomencl/nomencl.sty
Package: nomencl 2000/12/03 v3.1a Nomenclature package (BS)
\nomlabelwidth=\dimen111
\nom@tempdim=\dimen112
\nomitemsep=\skip45
)
\@glossaryfile=\write3
\openout3 = `LLVisu.glo'.


Writing glossary file LLVisu.glo
(/usr/share/texmf/tex/latex/subfigure/subfigure.sty
Package: subfigure 2002/07/30 v2.1.4 subfigure package
\subfigtopskip=\skip46
\subfigcapskip=\skip47
\subfigcaptopadj=\dimen113
\subfigbottomskip=\skip48
\subfigcapmargin=\dimen114
\subfiglabelskip=\skip49
\c@subfigure=\count91
\c@lofdepth=\count92
\c@subtable=\count93
\c@lotdepth=\count94

****************************************
* Local config file subfigure.cfg used *
****************************************
(/usr/share/texmf/tex/latex/subfigure/subfigure.cfg)
\subfig@top=\skip50
\subfig@bottom=\skip51
) (./subfigmat.sty
Package: subfigmat 1999/02/27 v1.0 Subfigure Matrix Package
\sfm@width=\skip52
\sfmcolsep=\skip53
\c@sfm@count=\count95
)
(/usr/share/texmf/tex/latex/fancyvrb/fancyvrb.sty
Package: fancyvrb 1998/07/17

Style option: `fancyvrb' v2.6, with DG/SPQR fixes <1998/07/17> (tvz)
\FV@CodeLineNo=\count96
\FV@InFile=\read1
\FV@TabBox=\box28
\c@FancyVerbLine=\count97
\FV@StepNumber=\count98
\FV@OutFile=\write4

No file fancyvrb.cfg.
) (/usr/share/texmf/tex/latex/lettrine/lettrine.sty
File: lettrine.sty 2004/05/22 v1.6 (D. Flipo)
\c@DefaultLines=\count99
\DefaultFindent=\dimen115
\DefaultNindent=\dimen116
\DefaultSlope=\dimen117
\L@lbox=\box29
\L@tbox=\box30
\c@L@lines=\count100
\L@Pindent=\dimen118
\L@Findent=\dimen119
\L@Nindent=\dimen120
\L@lraise=\dimen121
\L@first=\dimen122
\L@next=\dimen123
\L@slope=\dimen124
\L@height=\dimen125
\LettrineWidth=\dimen126

(/usr/share/texmf/tex/latex/lettrine/lettrine.cfg)) (./dropping.sty
Package: dropping 1997/06/12 v.0.12
\bigscale=\count101
\down=\count102
\saveunitlength=\dimen127
\wantedheight=\dimen128

(/usr/share/texmf/tex/latex/graphics/graphics.cfg
File: graphics.cfg 2005/02/03 v1.3 graphics configuration of teTeX/TeXLive
\wantedcount=\count103
\actualcount=\count104
\actualheight=\dimen129
)
\wantedcount=\count105
\actualcount=\count106
\actualheight=\dimen130
)
(/usr/share/texmf/tex/latex/hyperref/hyperref.sty
Package: hyperref 2003/11/30 v6.74m Hypertext links for LaTeX
\@linkdim=\dimen131
\Hy@linkcounter=\count107
\Hy@pagecounter=\count108

(/usr/share/texmf/tex/latex/hyperref/pd1enc.def
File: pd1enc.def 2003/11/30 v6.74m Hyperref: PDFDocEncoding definition (HO)
)
(/usr/share/texmf/tex/latex/hyperref/hyperref.cfg
File: hyperref.cfg 2002/06/06 v1.2 hyperref configuration of TeXLive and teTeX
)
Package hyperref Info: Hyper figures OFF on input line 1880.
Package hyperref Info: Link nesting OFF on input line 1885.
Package hyperref Info: Hyper index ON on input line 1888.
Package hyperref Info: Plain pages ON on input line 1893.
Package hyperref Info: Backreferencing OFF on input line 1900.

Implicit mode ON; LaTeX internals redefined
Package hyperref Info: Bookmarks ON on input line 2004.
(/usr/share/texmf/tex/latex/url/url.sty
\Urlmuskip=\muskip10
Package: url 2004/03/15  ver 3.1  Verb mode for urls, etc.
)
LaTeX Info: Redefining \url on input line 2143.
\Fld@menulength=\count109
\Field@Width=\dimen132
\Fld@charsize=\dimen133
\Choice@toks=\toks18
\Field@toks=\toks19
Package hyperref Info: Hyper figures OFF on input line 2618.
Package hyperref Info: Link nesting OFF on input line 2623.
Package hyperref Info: Hyper index ON on input line 2626.
Package hyperref Info: backreferencing OFF on input line 2633.
Package hyperref Info: Link coloring OFF on input line 2638.
\c@Item=\count110
\c@Hfootnote=\count111
)
*hyperref using default driver hdvips*
(/usr/share/texmf/tex/latex/hyperref/hdvips.def
File: hdvips.def 2003/11/30 v6.74m Hyperref driver for dvips

(/usr/share/texmf/tex/latex/hyperref/pdfmark.def
File: pdfmark.def 2003/11/30 v6.74m Hyperref definitions for pdfmark specials
\pdf@docset=\toks20
\pdf@box=\box31
\pdf@toks=\toks21
\pdf@defaulttoks=\toks22
\Fld@listcount=\count112
\@outlinefile=\write5
))
(/usr/share/texmf/tex/latex/amsmath/amsmath.sty
Package: amsmath 2000/07/18 v2.13 AMS math features
\@mathmargin=\skip54

For additional information on amsmath, use the `?' option.
(/usr/share/texmf/tex/latex/amsmath/amstext.sty
Package: amstext 2000/06/29 v2.01

(/usr/share/texmf/tex/latex/amsmath/amsgen.sty
File: amsgen.sty 1999/11/30 v2.0
\@emptytoks=\toks23
\ex@=\dimen134
))
(/usr/share/texmf/tex/latex/amsmath/amsbsy.sty
Package: amsbsy 1999/11/29 v1.2d
\pmbraise@=\dimen135
)
(/usr/share/texmf/tex/latex/amsmath/amsopn.sty
Package: amsopn 1999/12/14 v2.01 operator names
)
\inf@bad=\count113
LaTeX Info: Redefining \frac on input line 211.
\uproot@=\count114
\leftroot@=\count115
LaTeX Info: Redefining \overline on input line 307.
\classnum@=\count116
\DOTSCASE@=\count117
LaTeX Info: Redefining \ldots on input line 379.
LaTeX Info: Redefining \dots on input line 382.
LaTeX Info: Redefining \cdots on input line 467.
\Mathstrutbox@=\box32
\strutbox@=\box33
\big@size=\dimen136
LaTeX Font Info:    Redeclaring font encoding OML on input line 567.
LaTeX Font Info:    Redeclaring font encoding OMS on input line 568.
\macc@depth=\count118
\c@MaxMatrixCols=\count119
\dotsspace@=\muskip11
\c@parentequation=\count120
\dspbrk@lvl=\count121
\tag@help=\toks24
\row@=\count122
\column@=\count123
\maxfields@=\count124
\andhelp@=\toks25
\eqnshift@=\dimen137
\alignsep@=\dimen138
\tagshift@=\dimen139
\tagwidth@=\dimen140
\totwidth@=\dimen141
\lineht@=\dimen142
\@envbody=\toks26
\multlinegap=\skip55
\multlinetaggap=\skip56
\mathdisplay@stack=\toks27
LaTeX Info: Redefining \[ on input line 2666.
LaTeX Info: Redefining \] on input line 2667.
)
(/usr/share/texmf/tex/latex/graphics/color.sty
Package: color 1999/02/16 v1.0i Standard LaTeX Color (DPC)

(/usr/share/texmf/tex/latex/graphics/color.cfg
File: color.cfg 2005/02/03 v1.3 color configuration of teTeX/TeXLive
)
Package color Info: Driver file: dvips.def on input line 125.

(/usr/share/texmf/tex/latex/graphics/dvips.def
File: dvips.def 1999/02/16 v3.0i Driver-dependant file (DPC,SPQR)
)
(/usr/share/texmf/tex/latex/graphics/dvipsnam.def
File: dvipsnam.def 1999/02/16 v3.0i Driver-dependant file (DPC,SPQR)
))
(/usr/share/texmf/tex/latex/setspace/setspace.sty
Package: setspace 2000/12/01 6.7 Contributed and Supported LaTeX2e package

Package: `setspace' 6.7 <2000/12/01>
) (/usr/share/texmf/tex/generic/epsf/epsf.tex
This is `epsf.tex' v2.7k <10 July 1997>
\epsffilein=\read2
\epsfframemargin=\dimen143
\epsfframethickness=\dimen144
\epsfrsize=\dimen145
\epsftmp=\dimen146
\epsftsize=\dimen147
\epsfxsize=\dimen148
\epsfysize=\dimen149
\pspoints=\dimen150
\epsfnoopenhelp=\toks28
) (/usr/share/texmf/tex/latex/graphics/epsfig.sty
Package: epsfig 1999/02/16 v1.7a (e)psfig emulation (SPQR)

(/usr/share/texmf/tex/latex/graphics/graphicx.sty
Package: graphicx 1999/02/16 v1.0f Enhanced LaTeX Graphics (DPC,SPQR)

(/usr/share/texmf/tex/latex/graphics/graphics.sty
Package: graphics 2001/07/07 v1.0n Standard LaTeX Graphics (DPC,SPQR)

(/usr/share/texmf/tex/latex/graphics/trig.sty
Package: trig 1999/03/16 v1.09 sin cos tan (DPC)
)
(/usr/share/texmf/tex/latex/graphics/graphics.cfg
File: graphics.cfg 2005/02/03 v1.3 graphics configuration of teTeX/TeXLive
)
Package graphics Info: Driver file: dvips.def on input line 80.
)
\Gin@req@height=\dimen151
\Gin@req@width=\dimen152
)
\epsfxsize=\dimen153
\epsfysize=\dimen154
) (./LLVisu.aux)
\openout1 = `LLVisu.aux'.

LaTeX Font Info:    Checking defaults for OML/cmm/m/it on input line 27.
LaTeX Font Info:    ... okay on input line 27.
LaTeX Font Info:    Checking defaults for T1/cmr/m/n on input line 27.
LaTeX Font Info:    ... okay on input line 27.
LaTeX Font Info:    Checking defaults for OT1/cmr/m/n on input line 27.
LaTeX Font Info:    ... okay on input line 27.
LaTeX Font Info:    Checking defaults for OMS/cmsy/m/n on input line 27.
LaTeX Font Info:    ... okay on input line 27.
LaTeX Font Info:    Checking defaults for OMX/cmex/m/n on input line 27.
LaTeX Font Info:    ... okay on input line 27.
LaTeX Font Info:    Checking defaults for U/cmr/m/n on input line 27.
LaTeX Font Info:    ... okay on input line 27.
LaTeX Font Info:    Checking defaults for PD1/pdf/m/n on input line 27.
LaTeX Font Info:    ... okay on input line 27.
-------------------- Geometry parameters
paper: class default
landscape: --
twocolumn: --
twoside: --
asymmetric: --
h-parts: 93.95122pt, 426.39256pt, 93.95122pt
v-parts: 93.95122pt, 607.06755pt, 93.95122pt
hmarginratio: --
vmarginratio: --
lines: --
heightrounded: --
bindingoffset: 0.0pt
truedimen: --
includehead: --
includefoot: --
includemp: --
driver: 
-------------------- Page layout dimensions and switches
\paperwidth  614.295pt
\paperheight 794.96999pt
\textwidth  426.39256pt
\textheight 607.06755pt
\oddsidemargin  21.68123pt
\evensidemargin 21.68123pt
\topmargin  -15.31877pt
\headheight 12.0pt
\headsep    25.0pt
\footskip   30.0pt
\marginparwidth 65.0pt
\marginparsep   11.0pt
\columnsep  10.0pt
\skip\footins  9.0pt plus 4.0pt minus 2.0pt
\hoffset 0.0pt
\voffset 0.0pt
\mag 1000

(1in=72.27pt, 1cm=28.45pt)
-----------------------
Package hyperref Info: Link coloring OFF on input line 27.

(/usr/share/texmf/tex/latex/hyperref/nameref.sty
Package: nameref 2003/12/03 v2.21 Cross-referencing by name of section
\c@section@level=\count125
)
LaTeX Info: Redefining \ref on input line 27.
LaTeX Info: Redefining \pageref on input line 27.
 (./LLVisu.out) (./LLVisu.out)
\openout5 = `LLVisu.out'.

File: figures/LLlogo.eps Graphic file (type eps)
<figures/LLlogo.eps> [1

] [1]
Underfull \hbox (badness 10000) in paragraph at lines 79--79

 []

[2]
Underfull \hbox (badness 10000) in paragraph at lines 124--124

 []

[3] (./LLVisu.aux) ) 
Here is how much of TeX's memory you used:
 4328 strings out of 94501
 58331 string characters out of 1176788
 118583 words of memory out of 1000000
 7444 multiletter control sequences out of 10000+50000
 7360 words of font info for 26 fonts, out of 500000 for 2000
 580 hyphenation exceptions out of 1000
 32i,6n,36p,435b,228s stack positions out of 1500i,500n,5000p,200000b,5000s

Output written on LLVisu.dvi (4 pages, 11788 bytes).
